{"951667a5480a30dd7a3cf31872b16d21":{"statistic":{"failed":0,"broken":0,"skipped":0,"passed":1,"unknown":0,"total":1},"items":[{"uid":"c44f1d274e51ae6d","reportUrl":"https://marplyn.github.io/qa-final-project/2//#testresult/c44f1d274e51ae6d","status":"passed","time":{"start":1683824089851,"stop":1683824108648,"duration":18797}}]},"88c81b7ca7f98146d65ed3321f733e4d":{"statistic":{"failed":1,"broken":0,"skipped":0,"passed":0,"unknown":0,"total":1},"items":[{"uid":"7efb52ab2a2139d8","reportUrl":"https://marplyn.github.io/qa-final-project/2//#testresult/7efb52ab2a2139d8","status":"failed","statusDetails":"Element should be interactable {By.xpath: //*[contains(text(),\"Если доход ниже\")]}\nElement: 'Ups, failed to described the element [caused by: StaleElementReferenceException: stale element reference: stale element not found]'\nScreenshot: file:/home/runner/work/qa-final-project/qa-final-project/build/reports/tests/1683824106262.5.png\nPage source: file:/home/runner/work/qa-final-project/qa-final-project/build/reports/tests/1683824106262.5.html\nTimeout: 4 s.\nCaused by: StaleElementReferenceException: stale element reference: stale element not found","time":{"start":1683824090017,"stop":1683824108211,"duration":18194}}]},"bda3ca67be9e99f2140dd4f9a875e481":{"statistic":{"failed":0,"broken":0,"skipped":0,"passed":1,"unknown":0,"total":1},"items":[{"uid":"2bf29c63c4ef34d1","reportUrl":"https://marplyn.github.io/qa-final-project/2//#testresult/2bf29c63c4ef34d1","status":"passed","time":{"start":1683824066234,"stop":1683824088629,"duration":22395}}]},"ac828506cf17a8aeb9789d22156063de":{"statistic":{"failed":0,"broken":0,"skipped":0,"passed":1,"unknown":0,"total":1},"items":[{"uid":"afdc9df31985b91c","reportUrl":"https://marplyn.github.io/qa-final-project/2//#testresult/afdc9df31985b91c","status":"passed","time":{"start":1683824089852,"stop":1683824111155,"duration":21303}}]},"ba901274bb15417010b418e52021a4c7":{"statistic":{"failed":1,"broken":0,"skipped":0,"passed":0,"unknown":0,"total":1},"items":[{"uid":"c7dea72a69fbd0b8","reportUrl":"https://marplyn.github.io/qa-final-project/2//#testresult/c7dea72a69fbd0b8","status":"failed","statusDetails":"Invalid element state [By.xpath: //span[contains(text(),\"Кредиты\")]/..]: element click intercepted: Element <a href=\"/chastnim-licam/krediti/\" class=\"sc-jCXNJi fdCxJF\">...</a> is not clickable at point (254, 614). Other element would receive the click: <div data-testid=\"text\" color=\"inherit\" class=\"Wrapper-sc-1vydk7-0 cTwYah ButtonText-sc-48arcs-2 ivMpRV\">...</div>\nScreenshot: file:/home/runner/work/qa-final-project/qa-final-project/build/reports/tests/1683824083442.1.png\nPage source: file:/home/runner/work/qa-final-project/qa-final-project/build/reports/tests/1683824083442.1.html\nTimeout: 4 s.\nCaused by: ElementClickInterceptedException: element click intercepted: Element <a href=\"/chastnim-licam/krediti/\" class=\"sc-jCXNJi fdCxJF\">...</a> is not clickable at point (254, 614). Other element would receive the click: <div data-testid=\"text\" color=\"inherit\" class=\"Wrapper-sc-1vydk7-0 cTwYah ButtonText-sc-48arcs-2 ivMpRV\">...</div>","time":{"start":1683824069736,"stop":1683824089115,"duration":19379}}]},"4722e17087c980c99c99024d3b68d560":{"statistic":{"failed":0,"broken":0,"skipped":0,"passed":1,"unknown":0,"total":1},"items":[{"uid":"37aabb7a632385de","reportUrl":"https://marplyn.github.io/qa-final-project/2//#testresult/37aabb7a632385de","status":"passed","time":{"start":1683824089988,"stop":1683824105689,"duration":15701}}]},"715ab8220867cb51963e483776ded6a7":{"statistic":{"failed":0,"broken":0,"skipped":0,"passed":1,"unknown":0,"total":1},"items":[{"uid":"d1049660d3e0273","reportUrl":"https://marplyn.github.io/qa-final-project/2//#testresult/d1049660d3e0273","status":"passed","time":{"start":1683824089975,"stop":1683824106967,"duration":16992}}]},"846aa3fb969f40b29f54437b912a3a7c":{"statistic":{"failed":1,"broken":0,"skipped":0,"passed":0,"unknown":0,"total":1},"items":[{"uid":"4bbabaee188a6ba","reportUrl":"https://marplyn.github.io/qa-final-project/2//#testresult/4bbabaee188a6ba","status":"failed","statusDetails":"Invalid element state [[href=\"/chastnim-licam/karti/\"]]: element click intercepted: Element <a href=\"/chastnim-licam/karti/\" class=\"sc-jCXNJi fdCxJF\">...</a> is not clickable at point (32, 614). Other element would receive the click: <div data-testid=\"flexbox\" tabindex=\"-1\" class=\"Inner-sc-1rfqasg-0 jviKiO Inner-sc-48arcs-0 bqTsRY\">...</div>\nScreenshot: file:/home/runner/work/qa-final-project/qa-final-project/build/reports/tests/1683824083025.0.png\nPage source: file:/home/runner/work/qa-final-project/qa-final-project/build/reports/tests/1683824083025.0.html\nTimeout: 4 s.\nCaused by: ElementClickInterceptedException: element click intercepted: Element <a href=\"/chastnim-licam/karti/\" class=\"sc-jCXNJi fdCxJF\">...</a> is not clickable at point (32, 614). Other element would receive the click: <div data-testid=\"flexbox\" tabindex=\"-1\" class=\"Inner-sc-1rfqasg-0 jviKiO Inner-sc-48arcs-0 bqTsRY\">...</div>","time":{"start":1683824069844,"stop":1683824089086,"duration":19242}}]},"31578c950a7a34f25ae11d3f0d9c90ca":{"statistic":{"failed":1,"broken":0,"skipped":0,"passed":0,"unknown":0,"total":1},"items":[{"uid":"d04d1daf89728252","reportUrl":"https://marplyn.github.io/qa-final-project/2//#testresult/d04d1daf89728252","status":"failed","statusDetails":"Invalid element state [[href=\"/chastnim-licam/karti/\"]]: element click intercepted: Element <a href=\"/chastnim-licam/karti/\" class=\"sc-DJgqy kFqJRQ\">...</a> is not clickable at point (32, 614). Other element would receive the click: <div data-testid=\"flexbox\" tabindex=\"-1\" class=\"Inner-sc-1rfqasg-0 jviKiO Inner-sc-48arcs-0 bqTsRY\">...</div>\nScreenshot: file:/home/runner/work/qa-final-project/qa-final-project/build/reports/tests/1683824086788.2.png\nPage source: file:/home/runner/work/qa-final-project/qa-final-project/build/reports/tests/1683824086788.2.html\nTimeout: 4 s.\nCaused by: ElementClickInterceptedException: element click intercepted: Element <a href=\"/chastnim-licam/karti/\" class=\"sc-DJgqy kFqJRQ\">...</a> is not clickable at point (32, 614). Other element would receive the click: <div data-testid=\"flexbox\" tabindex=\"-1\" class=\"Inner-sc-1rfqasg-0 jviKiO Inner-sc-48arcs-0 bqTsRY\">...</div>","time":{"start":1683824070361,"stop":1683824089823,"duration":19462}}]},"1b25ced31926d633a5c996a367daccbd":{"statistic":{"failed":1,"broken":0,"skipped":0,"passed":0,"unknown":0,"total":1},"items":[{"uid":"8e91c5e96a3d4e1d","reportUrl":"https://marplyn.github.io/qa-final-project/2//#testresult/8e91c5e96a3d4e1d","status":"failed","statusDetails":"Invalid element state [By.xpath: //button[contains(text(),\"Владивосток\")]]: element click intercepted: Element <button class=\"sc-jGVbWl kabGDk\">...</button> is not clickable at point (160, 570). Other element would receive the click: <div data-testid=\"text\" color=\"#626C77\" class=\"Wrapper-sc-1vydk7-0 hWKXTD sc-ikPAEB bPuwvW\">...</div>\nScreenshot: file:/home/runner/work/qa-final-project/qa-final-project/build/reports/tests/1683824087083.4.png\nPage source: file:/home/runner/work/qa-final-project/qa-final-project/build/reports/tests/1683824087083.4.html\nTimeout: 4 s.\nCaused by: ElementClickInterceptedException: element click intercepted: Element <button class=\"sc-jGVbWl kabGDk\">...</button> is not clickable at point (160, 570). Other element would receive the click: <div data-testid=\"text\" color=\"#626C77\" class=\"Wrapper-sc-1vydk7-0 hWKXTD sc-ikPAEB bPuwvW\">...</div>","time":{"start":1683824066240,"stop":1683824088932,"duration":22692}}]},"eea9b5147c2d051c0692a34282c29934":{"statistic":{"failed":1,"broken":0,"skipped":0,"passed":0,"unknown":0,"total":1},"items":[{"uid":"157d293ac3747c34","reportUrl":"https://marplyn.github.io/qa-final-project/2//#testresult/157d293ac3747c34","status":"failed","statusDetails":"Element not found {.tgme_page_title span}\nExpected: exist\nScreenshot: file:/home/runner/work/qa-final-project/qa-final-project/build/reports/tests/1683824086935.3.png\nPage source: file:/home/runner/work/qa-final-project/qa-final-project/build/reports/tests/1683824086935.3.html\nTimeout: 4 s.\nCaused by: NoSuchElementException: no such element: Unable to locate element: {\"method\":\"css selector\",\"selector\":\".tgme_page_title span\"}","time":{"start":1683824070358,"stop":1683824089692,"duration":19334}}]}}